<?xml version="1.0" encoding="UTF-8"?>
<!-- Generated by org.testng.reporters.JUnitReportReporter -->
<testsuite skipped="0" hostname="Srinivas-PC" name="testCases.TC1_VideoGameAPI" tests="5" failures="0" timestamp="2020-07-11T14:16:49 IST" time="7.705" errors="0">
  <testcase name="test_getAllVideoDB" time="2.953" classname="testCases.TC1_VideoGameAPI"/>
  <system-out/>
  <testcase name="test_addNewVideoGame" time="0.517" classname="testCases.TC1_VideoGameAPI"/>
  <system-out/>
  <testcase name="test_getNewVideo" time="1.120" classname="testCases.TC1_VideoGameAPI"/>
  <system-out/>
  <testcase name="test_modityVideoGame" time="0.073" classname="testCases.TC1_VideoGameAPI"/>
  <system-out/>
  <testcase name="test_deleteVideoGame" time="3.042" classname="testCases.TC1_VideoGameAPI"/>
  <system-out/>
</testsuite> <!-- testCases.TC1_VideoGameAPI -->
